2024-10-28 10:10:45,889 [Worker-5: Loading available Gradle versions] INFO  o.e.b.c.i.u.g.PublishedGradleVersions - Gradle version information cache is out-of-date. Trying to update.
2024-10-30 10:08:35,092 [Worker-0: Loading available Gradle versions] INFO  o.e.b.c.i.u.g.PublishedGradleVersions - Gradle version information cache is up-to-date. Trying to read.
2024-11-05 11:12:59,307 [Worker-0: Loading available Gradle versions] INFO  o.e.b.c.i.u.g.PublishedGradleVersions - Gradle version information cache is out-of-date. Trying to update.
2024-11-06 12:49:00,462 [Worker-2: Loading available Gradle versions] INFO  o.e.b.c.i.u.g.PublishedGradleVersions - Gradle version information cache is out-of-date. Trying to update.
2024-11-06 13:06:41,461 [Worker-0: Loading available Gradle versions] INFO  o.e.b.c.i.u.g.PublishedGradleVersions - Gradle version information cache is up-to-date. Trying to read.
2024-11-06 17:18:26,479 [Worker-0: Loading available Gradle versions] INFO  o.e.b.c.i.u.g.PublishedGradleVersions - Gradle version information cache is up-to-date. Trying to read.
2024-11-07 11:38:08,451 [Worker-1: Loading available Gradle versions] INFO  o.e.b.c.i.u.g.PublishedGradleVersions - Gradle version information cache is up-to-date. Trying to read.
2024-11-11 14:00:00,352 [Worker-5: Loading available Gradle versions] INFO  o.e.b.c.i.u.g.PublishedGradleVersions - Gradle version information cache is out-of-date. Trying to update.
2024-11-11 14:00:10,312 [JGit-FileStoreAttributeWriter-2] ERROR org.eclipse.jgit.util.FS - Cannot save config file 'FileBasedConfig[Z:\.config\jgit\config]'
java.io.IOException: Creating directories for Z:\.config\jgit failed
	at org.eclipse.jgit.util.FileUtils.mkdirs(FileUtils.java:421)
	at org.eclipse.jgit.internal.storage.file.LockFile.lock(LockFile.java:144)
	at org.eclipse.jgit.storage.file.FileBasedConfig.save(FileBasedConfig.java:201)
	at org.eclipse.jgit.util.FS$FileStoreAttributes.saveToConfig(FS.java:776)
	at org.eclipse.jgit.util.FS$FileStoreAttributes.lambda$5(FS.java:458)
	at java.base/java.util.concurrent.ThreadPoolExecutor.runWorker(ThreadPoolExecutor.java:1144)
	at java.base/java.util.concurrent.ThreadPoolExecutor$Worker.run(ThreadPoolExecutor.java:642)
	at java.base/java.lang.Thread.run(Thread.java:1583)
2024-11-12 12:38:34,920 [Worker-4: Loading available Gradle versions] INFO  o.e.b.c.i.u.g.PublishedGradleVersions - Gradle version information cache is up-to-date. Trying to read.
2024-11-12 12:38:47,394 [JGit-FileStoreAttributeWriter-2] ERROR org.eclipse.jgit.util.FS - Cannot save config file 'FileBasedConfig[Z:\.config\jgit\config]'
java.io.IOException: Creating directories for Z:\.config\jgit failed
	at org.eclipse.jgit.util.FileUtils.mkdirs(FileUtils.java:421)
	at org.eclipse.jgit.internal.storage.file.LockFile.lock(LockFile.java:144)
	at org.eclipse.jgit.storage.file.FileBasedConfig.save(FileBasedConfig.java:201)
	at org.eclipse.jgit.util.FS$FileStoreAttributes.saveToConfig(FS.java:776)
	at org.eclipse.jgit.util.FS$FileStoreAttributes.lambda$5(FS.java:458)
	at java.base/java.util.concurrent.ThreadPoolExecutor.runWorker(ThreadPoolExecutor.java:1144)
	at java.base/java.util.concurrent.ThreadPoolExecutor$Worker.run(ThreadPoolExecutor.java:642)
	at java.base/java.lang.Thread.run(Thread.java:1583)
